<?xml version="1.0" encoding="UTF-8"?>
<!-- Generated by org.testng.reporters.JUnitReportReporter -->
<testsuite skipped="0" hostname="ecrnt-100910" name="test.tests.Desafio2" tests="1" failures="0" timestamp="27 May 2019 19:57:30 GMT" time="9.709" errors="0">
  <testcase name="desafio2" time="9.709" classname="test.tests.Desafio2"/>
</testsuite> <!-- test.tests.Desafio2 -->
