<?xml version="1.0" encoding="UTF-8"?>
<!-- Generated by org.testng.reporters.JUnitReportReporter -->
<testsuite skipped="0" hostname="GRAZI-PC" name="test.tests.Desafio1" tests="1" failures="0" timestamp="17 nov 2019 02:09:17 GMT" time="22.600" errors="0">
  <testcase name="desafio1" time="22.600" classname="test.tests.Desafio1"/>
</testsuite> <!-- test.tests.Desafio1 -->
