<?xml version="1.0" encoding="UTF-8"?>
<!-- Generated by org.testng.reporters.JUnitReportReporter -->
<testsuite skipped="0" hostname="ECRNT-100640" name="test.tests.LoginTests" tests="1" failures="0" timestamp="22 abr 2019 14:56:15 GMT" time="15.758" errors="0">
  <testcase name="loginPositiveTest" time="15.758" classname="test.tests.LoginTests"/>
</testsuite> <!-- test.tests.LoginTests -->
