<?xml version="1.0" encoding="UTF-8"?>
<!-- Generated by org.testng.reporters.JUnitReportReporter -->
<testsuite skipped="0" hostname="GRAZI-PC" name="test.tests.Desafio2" tests="1" failures="0" timestamp="17 nov 2019 02:03:09 GMT" time="24.702" errors="0">
  <testcase name="desafio2" time="24.702" classname="test.tests.Desafio2"/>
</testsuite> <!-- test.tests.Desafio2 -->
