<?xml version="1.0" encoding="UTF-8"?>
<!-- Generated by org.testng.reporters.JUnitReportReporter -->
<testsuite skipped="0" hostname="ecrnt-100910" name="test.tests.Desafio1" tests="1" failures="0" timestamp="27 May 2019 19:58:00 GMT" time="9.702" errors="0">
  <testcase name="desafio1" time="9.702" classname="test.tests.Desafio1"/>
</testsuite> <!-- test.tests.Desafio1 -->
